2021-08-26 15:00:10.997  INFO 17016 --- [main] c.c.e.EbsbillApplication                 : Starting EbsbillApplication using Java 15 on LIN51006492 with PID 17016 (C:\SPK\work\sts-workspace\ebsbill\target\classes started by sudkhobr in C:\SPK\work\sts-workspace\ebsbill)
2021-08-26 15:00:11.007  INFO 17016 --- [main] c.c.e.EbsbillApplication                 : No active profile set, falling back to default profiles: default
2021-08-26 15:00:12.005  INFO 17016 --- [main] .s.d.r.c.RepositoryConfigurationDelegate : Bootstrapping Spring Data JPA repositories in DEFAULT mode.
2021-08-26 15:00:12.080  INFO 17016 --- [main] .s.d.r.c.RepositoryConfigurationDelegate : Finished Spring Data repository scanning in 62 ms. Found 1 JPA repository interfaces.
2021-08-26 15:00:12.832  INFO 17016 --- [main] o.s.b.w.e.t.TomcatWebServer              : Tomcat initialized with port(s): 8081 (http)
2021-08-26 15:00:12.845  INFO 17016 --- [main] o.a.c.c.StandardService                  : Starting service [Tomcat]
2021-08-26 15:00:12.846  INFO 17016 --- [main] o.a.c.c.StandardEngine                   : Starting Servlet engine: [Apache Tomcat/9.0.52]
2021-08-26 15:00:13.151  INFO 17016 --- [main] o.a.c.c.C.[.[.[/]                        : Initializing Spring embedded WebApplicationContext
2021-08-26 15:00:13.152  INFO 17016 --- [main] w.s.c.ServletWebServerApplicationContext : Root WebApplicationContext: initialization completed in 2106 ms
2021-08-26 15:00:13.441  INFO 17016 --- [main] c.z.h.HikariDataSource                   : HikariPool-1 - Starting...
2021-08-26 15:00:13.683  INFO 17016 --- [main] c.z.h.HikariDataSource                   : HikariPool-1 - Start completed.
2021-08-26 15:00:13.786  INFO 17016 --- [main] o.h.j.i.u.LogHelper                      : HHH000204: Processing PersistenceUnitInfo [name: default]
2021-08-26 15:00:13.927  INFO 17016 --- [main] o.h.Version                              : HHH000412: Hibernate ORM core version 5.4.32.Final
2021-08-26 15:00:14.281  INFO 17016 --- [main] o.h.a.c.Version                          : HCANN000001: Hibernate Commons Annotations {5.1.2.Final}
2021-08-26 15:00:14.532  INFO 17016 --- [main] o.h.d.Dialect                            : HHH000400: Using dialect: org.hibernate.dialect.H2Dialect
2021-08-26 15:00:15.543  INFO 17016 --- [main] o.h.e.t.j.p.i.JtaPlatformInitiator       : HHH000490: Using JtaPlatform implementation: [org.hibernate.engine.transaction.jta.platform.internal.NoJtaPlatform]
2021-08-26 15:00:15.560  INFO 17016 --- [main] j.LocalContainerEntityManagerFactoryBean : Initialized JPA EntityManagerFactory for persistence unit 'default'
2021-08-26 15:00:15.967  WARN 17016 --- [main] JpaBaseConfiguration$JpaWebConfiguration : spring.jpa.open-in-view is enabled by default. Therefore, database queries may be performed during view rendering. Explicitly configure spring.jpa.open-in-view to disable this warning
2021-08-26 15:00:16.249  INFO 17016 --- [main] pertySourcedRequestMappingHandlerMapping : Mapped URL path [/v2/api-docs] onto method [springfox.documentation.swagger2.web.Swagger2Controller#getDocumentation(String, HttpServletRequest)]
2021-08-26 15:00:17.151  INFO 17016 --- [main] o.s.b.w.e.t.TomcatWebServer              : Tomcat started on port(s): 8081 (http) with context path ''
2021-08-26 15:00:17.152  INFO 17016 --- [main] d.s.w.p.DocumentationPluginsBootstrapper : Context refreshed
2021-08-26 15:00:17.171  INFO 17016 --- [main] d.s.w.p.DocumentationPluginsBootstrapper : Found 1 custom documentation plugin(s)
2021-08-26 15:00:17.225  INFO 17016 --- [main] s.d.s.w.s.ApiListingReferenceScanner     : Scanning for api listing references
2021-08-26 15:00:17.556  INFO 17016 --- [main] c.c.e.EbsbillApplication                 : Started EbsbillApplication in 7.086 seconds (JVM running for 8.099)
2021-08-26 15:00:17.710  INFO 17016 --- [http-nio-8081-exec-1] o.a.c.c.C.[.[.[/]                        : Initializing Spring DispatcherServlet 'dispatcherServlet'
2021-08-26 15:00:17.711  INFO 17016 --- [http-nio-8081-exec-1] o.s.w.s.DispatcherServlet                : Initializing Servlet 'dispatcherServlet'
2021-08-26 15:00:17.713  INFO 17016 --- [http-nio-8081-exec-1] o.s.w.s.DispatcherServlet                : Completed initialization in 1 ms
2021-08-26 15:00:17.757  INFO 17016 --- [http-nio-8081-exec-1] c.c.e.a.DownloadBill                     : FILENAME : bill_2021-08-26_15:00:17.pdf
2021-08-26 15:03:45.067  INFO 17016 --- [RMI TCP Connection(6)-127.0.0.1] inMXBeanRegistrar$SpringApplicationAdmin : Application shutdown requested.
2021-08-26 15:03:45.100  INFO 17016 --- [RMI TCP Connection(6)-127.0.0.1] j.LocalContainerEntityManagerFactoryBean : Closing JPA EntityManagerFactory for persistence unit 'default'
2021-08-26 15:03:45.100  INFO 17016 --- [RMI TCP Connection(6)-127.0.0.1] .SchemaDropperImpl$DelayedDropActionImpl : HHH000477: Starting delayed evictData of schema as part of SessionFactory shut-down'
2021-08-26 15:03:45.106  INFO 17016 --- [RMI TCP Connection(6)-127.0.0.1] c.z.h.HikariDataSource                   : HikariPool-1 - Shutdown initiated...
2021-08-26 15:03:45.107  INFO 17016 --- [RMI TCP Connection(6)-127.0.0.1] c.z.h.HikariDataSource                   : HikariPool-1 - Shutdown completed.
